<?xml version="1.0" encoding="UTF-8"?>
<!-- Generated by org.testng.reporters.JUnitXMLReporter -->
<testsuite hostname="RezD021" name="Panel Automation" tests="15" failures="2" timestamp="7 Apr 2017 11:24:15 GMT" time="377.061" errors="0">
  <testcase name="start" time="0.063" classname="Dev_progress.RateCreation"/>
  <testcase name="createTicket" time="16.606" classname="Dev_progress.TicketCheck"/>
  <testcase name="promo" time="49.363" classname="Dev_progress.PromocodeCreation"/>
  <testcase name="start" time="51.987" classname="Dev_progress.PackageCreation"/>
  <testcase name="start" time="14.575" classname="Dev_progress.PromotionCreation">
    <failure type="org.openqa.selenium.WebDriverException" message="unknown error: Element &amp;lt;button class=&amp;quot;btn newpromo&amp;quot; data-ng-click=&amp;quot;vm.addNew()&amp;quot;&amp;gt;...&amp;lt;/button&amp;gt; is not clickable at point (1160, 206). Other element would receive the click: &amp;lt;div class=&amp;quot;spinner&amp;quot; role=&amp;quot;progressbar&amp;quot; style=&amp;quot;position: absolute; width: 0px; z-index: 2000000000; left: 50%; top: 50%;&amp;quot;&amp;gt;...&amp;lt;/div&amp;gt;
  (Session info: chrome=57.0.2987.133)
  (Driver info: chromedriver=2.27.440174 (e97a722caafc2d3a8b807ee115bfb307f7d2cfd9),platform=Windows NT 6.1.7601 SP1 x86_64) (WARNING: The server did not provide any stacktrace information)
Command duration or timeout: 37 milliseconds
Build info: version: &amp;apos;2.44.0&amp;apos;, revision: &amp;apos;76d78cf&amp;apos;, time: &amp;apos;2014-10-23 20:03:00&amp;apos;
System info: host: &amp;apos;RezD021&amp;apos;, ip: &amp;apos;192.168.4.70&amp;apos;, os.name: &amp;apos;Windows 7&amp;apos;, os.arch: &amp;apos;amd64&amp;apos;, os.version: &amp;apos;6.1&amp;apos;, java.version: &amp;apos;1.8.0_72&amp;apos;
Driver info: org.openqa.selenium.chrome.ChromeDriver
Capabilities [{applicationCacheEnabled=false, rotatable=false, mobileEmulationEnabled=false, networkConnectionEnabled=false, chrome={chromedriverVersion=2.27.440174 (e97a722caafc2d3a8b807ee115bfb307f7d2cfd9), userDataDir=C:\Users\ANIL~1.KUM\AppData\Local\Temp\scoped_dir24136_13360}, takesHeapSnapshot=true, pageLoadStrategy=normal, databaseEnabled=false, handlesAlerts=true, hasTouchScreen=false, version=57.0.2987.133, platform=XP, browserConnectionEnabled=false, nativeEvents=true, acceptSslCerts=true, locationContextEnabled=true, webStorageEnabled=true, browserName=chrome, takesScreenshot=true, javascriptEnabled=true, cssSelectorsEnabled=true, unexpectedAlertBehaviour=}]
Session ID: c3a1422dbd1084d7d56836fdc70533ba">
      <![CDATA[org.openqa.selenium.WebDriverException: unknown error: Element <button class="btn newpromo" data-ng-click="vm.addNew()">...</button> is not clickable at point (1160, 206). Other element would receive the click: <div class="spinner" role="progressbar" style="position: absolute; width: 0px; z-index: 2000000000; left: 50%; top: 50%;">...</div>
  (Session info: chrome=57.0.2987.133)
  (Driver info: chromedriver=2.27.440174 (e97a722caafc2d3a8b807ee115bfb307f7d2cfd9),platform=Windows NT 6.1.7601 SP1 x86_64) (WARNING: The server did not provide any stacktrace information)
Command duration or timeout: 37 milliseconds
Build info: version: '2.44.0', revision: '76d78cf', time: '2014-10-23 20:03:00'
System info: host: 'RezD021', ip: '192.168.4.70', os.name: 'Windows 7', os.arch: 'amd64', os.version: '6.1', java.version: '1.8.0_72'
Driver info: org.openqa.selenium.chrome.ChromeDriver
Capabilities [{applicationCacheEnabled=false, rotatable=false, mobileEmulationEnabled=false, networkConnectionEnabled=false, chrome={chromedriverVersion=2.27.440174 (e97a722caafc2d3a8b807ee115bfb307f7d2cfd9), userDataDir=C:\Users\ANIL~1.KUM\AppData\Local\Temp\scoped_dir24136_13360}, takesHeapSnapshot=true, pageLoadStrategy=normal, databaseEnabled=false, handlesAlerts=true, hasTouchScreen=false, version=57.0.2987.133, platform=XP, browserConnectionEnabled=false, nativeEvents=true, acceptSslCerts=true, locationContextEnabled=true, webStorageEnabled=true, browserName=chrome, takesScreenshot=true, javascriptEnabled=true, cssSelectorsEnabled=true, unexpectedAlertBehaviour=}]
Session ID: c3a1422dbd1084d7d56836fdc70533ba
	at org.openqa.selenium.remote.ErrorHandler.createThrowable(ErrorHandler.java:204)
	at org.openqa.selenium.remote.ErrorHandler.throwIfResponseFailed(ErrorHandler.java:156)
	at org.openqa.selenium.remote.RemoteWebDriver.execute(RemoteWebDriver.java:599)
	at org.openqa.selenium.remote.RemoteWebElement.execute(RemoteWebElement.java:268)
	at org.openqa.selenium.remote.RemoteWebElement.click(RemoteWebElement.java:79)
	at Dev_progress.PromotionCreation.start(PromotionCreation.java:109)
... Removed 28 stack frames]]>
    </failure>
  </testcase> <!-- start -->
  <testcase name="selectcalendar" time="5.846" classname="Dev_progress.NewCalendarStatus">
    <failure type="org.openqa.selenium.WebDriverException" message="unknown error: Element &amp;lt;a href=&amp;quot;javascript:void(0);&amp;quot; id=&amp;quot;3&amp;quot; ng-click=&amp;quot;selecetdChannelChanged(channel.ID)&amp;quot; ng-class=&amp;quot;{&amp;apos;channelActive&amp;apos; : channel.isSelected == true }&amp;quot; class=&amp;quot;channelActive&amp;quot;&amp;gt;...&amp;lt;/a&amp;gt; is not clickable at point (1020, 282). Other element would receive the click: &amp;lt;div class=&amp;quot;spinner&amp;quot; role=&amp;quot;progressbar&amp;quot; style=&amp;quot;position: absolute; width: 0px; z-index: 2000000000; left: 50%; top: 50%;&amp;quot;&amp;gt;...&amp;lt;/div&amp;gt;
  (Session info: chrome=57.0.2987.133)
  (Driver info: chromedriver=2.27.440174 (e97a722caafc2d3a8b807ee115bfb307f7d2cfd9),platform=Windows NT 6.1.7601 SP1 x86_64) (WARNING: The server did not provide any stacktrace information)
Command duration or timeout: 45 milliseconds
Build info: version: &amp;apos;2.44.0&amp;apos;, revision: &amp;apos;76d78cf&amp;apos;, time: &amp;apos;2014-10-23 20:03:00&amp;apos;
System info: host: &amp;apos;RezD021&amp;apos;, ip: &amp;apos;192.168.4.70&amp;apos;, os.name: &amp;apos;Windows 7&amp;apos;, os.arch: &amp;apos;amd64&amp;apos;, os.version: &amp;apos;6.1&amp;apos;, java.version: &amp;apos;1.8.0_72&amp;apos;
Driver info: org.openqa.selenium.chrome.ChromeDriver
Capabilities [{applicationCacheEnabled=false, rotatable=false, mobileEmulationEnabled=false, networkConnectionEnabled=false, chrome={chromedriverVersion=2.27.440174 (e97a722caafc2d3a8b807ee115bfb307f7d2cfd9), userDataDir=C:\Users\ANIL~1.KUM\AppData\Local\Temp\scoped_dir24136_13360}, takesHeapSnapshot=true, pageLoadStrategy=normal, databaseEnabled=false, handlesAlerts=true, hasTouchScreen=false, version=57.0.2987.133, platform=XP, browserConnectionEnabled=false, nativeEvents=true, acceptSslCerts=true, locationContextEnabled=true, webStorageEnabled=true, browserName=chrome, takesScreenshot=true, javascriptEnabled=true, cssSelectorsEnabled=true, unexpectedAlertBehaviour=}]
Session ID: c3a1422dbd1084d7d56836fdc70533ba">
      <![CDATA[org.openqa.selenium.WebDriverException: unknown error: Element <a href="javascript:void(0);" id="3" ng-click="selecetdChannelChanged(channel.ID)" ng-class="{'channelActive' : channel.isSelected == true }" class="channelActive">...</a> is not clickable at point (1020, 282). Other element would receive the click: <div class="spinner" role="progressbar" style="position: absolute; width: 0px; z-index: 2000000000; left: 50%; top: 50%;">...</div>
  (Session info: chrome=57.0.2987.133)
  (Driver info: chromedriver=2.27.440174 (e97a722caafc2d3a8b807ee115bfb307f7d2cfd9),platform=Windows NT 6.1.7601 SP1 x86_64) (WARNING: The server did not provide any stacktrace information)
Command duration or timeout: 45 milliseconds
Build info: version: '2.44.0', revision: '76d78cf', time: '2014-10-23 20:03:00'
System info: host: 'RezD021', ip: '192.168.4.70', os.name: 'Windows 7', os.arch: 'amd64', os.version: '6.1', java.version: '1.8.0_72'
Driver info: org.openqa.selenium.chrome.ChromeDriver
Capabilities [{applicationCacheEnabled=false, rotatable=false, mobileEmulationEnabled=false, networkConnectionEnabled=false, chrome={chromedriverVersion=2.27.440174 (e97a722caafc2d3a8b807ee115bfb307f7d2cfd9), userDataDir=C:\Users\ANIL~1.KUM\AppData\Local\Temp\scoped_dir24136_13360}, takesHeapSnapshot=true, pageLoadStrategy=normal, databaseEnabled=false, handlesAlerts=true, hasTouchScreen=false, version=57.0.2987.133, platform=XP, browserConnectionEnabled=false, nativeEvents=true, acceptSslCerts=true, locationContextEnabled=true, webStorageEnabled=true, browserName=chrome, takesScreenshot=true, javascriptEnabled=true, cssSelectorsEnabled=true, unexpectedAlertBehaviour=}]
Session ID: c3a1422dbd1084d7d56836fdc70533ba
	at org.openqa.selenium.remote.ErrorHandler.createThrowable(ErrorHandler.java:204)
	at org.openqa.selenium.remote.ErrorHandler.throwIfResponseFailed(ErrorHandler.java:156)
	at org.openqa.selenium.remote.RemoteWebDriver.execute(RemoteWebDriver.java:599)
	at org.openqa.selenium.remote.RemoteWebElement.execute(RemoteWebElement.java:268)
	at org.openqa.selenium.remote.RemoteWebElement.click(RemoteWebElement.java:79)
	at Dev_progress.NewCalendarStatus.selectcalendar(NewCalendarStatus.java:247)
... Removed 28 stack frames]]>
    </failure>
  </testcase> <!-- selectcalendar -->
  <testcase name="selectcalendar" time="40.311" classname="Dev_progress.NewCalendarStatus"/>
  <testcase name="selectcalendar" time="26.168" classname="Dev_progress.NewCalendarStatus"/>
  <testcase name="selectcalendar" time="39.582" classname="Dev_progress.NewCalendarStatus"/>
  <testcase name="selectcalendar" time="19.505" classname="Dev_progress.NewCalendarStatus"/>
  <testcase name="selectcalendar" time="25.736" classname="Dev_progress.NewCalendarStatus"/>
  <testcase name="selectcalendar" time="26.396" classname="Dev_progress.NewCalendarStatus"/>
  <testcase name="selectcalendar" time="27.814" classname="Dev_progress.NewCalendarStatus"/>
  <testcase name="selectcalendar" time="26.848" classname="Dev_progress.NewCalendarStatus"/>
  <testcase name="selectcalendar" time="6.232" classname="Dev_progress.NewCalendarStatus"/>
</testsuite> <!-- Panel Automation -->
