<?xml version="1.0" encoding="UTF-8"?>
<!-- Generated by org.testng.reporters.JUnitXMLReporter -->
<testsuite hostname="rezd031" ignored="0" name="Panel Automation" tests="5" failures="0" timestamp="23 Jan 2018 05:12:45 GMT" time="0.022" errors="0">
  <testcase name="@BeforeSuite login" time="0.007" classname="Panel_Automation.RateCreation">
    <failure type="java.lang.NullPointerException">
      <![CDATA[java.lang.NullPointerExceptionat Panel_Automation.RateCreation.login(RateCreation.java:88)... Removed 20 stack frames]]>
    </failure>
  </testcase> <!-- @BeforeSuite login -->
  <testcase name="start" time="0.0" classname="Panel_Automation.RateCreation">
    <skipped/>
  </testcase> <!-- start -->
  <testcase name="promo" time="0.0" classname="Panel_Automation.PromocodeCreation">
    <skipped/>
  </testcase> <!-- promo -->
  <testcase name="start" time="0.0" classname="Panel_Automation.PackageCreation">
    <skipped/>
  </testcase> <!-- start -->
  <testcase name="createTicket" time="0.0" classname="Panel_Automation.TicketCheck">
    <skipped/>
  </testcase> <!-- createTicket -->
  <testcase name="start" time="0.0" classname="Panel_Automation.PromotionCreation">
    <skipped/>
  </testcase> <!-- start -->
</testsuite> <!-- Panel Automation -->
