<?xml version="1.0" encoding="UTF-8"?>
<!-- Generated by org.testng.reporters.JUnitXMLReporter -->
<testsuite hostname="RezD021" name="Panel Automation" tests="7" failures="0" timestamp="24 Mar 2017 06:08:05 GMT" time="0.032" errors="0">
  <testcase name="@BeforeSuite login" time="0.0" classname="Dev_progress.RateCreation">
    <failure type="java.io.FileNotFoundException" message="D:\WorkSpace\ibv4_code\Enroll_Hotel_Test\src\LiveRepository\SwitchQAandLIVE.properties (The system cannot find the path specified)">
      <![CDATA[java.io.FileNotFoundException: D:\WorkSpace\ibv4_code\Enroll_Hotel_Test\src\LiveRepository\SwitchQAandLIVE.properties (The system cannot find the path specified)
	at java.io.FileInputStream.open0(Native Method)
	at java.io.FileInputStream.open(Unknown Source)
	at java.io.FileInputStream.<init>(Unknown Source)
	at java.io.FileInputStream.<init>(Unknown Source)
	at Dev_progress.RateCreation.login(RateCreation.java:68)
... Removed 18 stack frames]]>
    </failure>
  </testcase> <!-- @BeforeSuite login -->
  <testcase name="start" time="0.001" classname="Dev_progress.RateCreation">
    <skipped/>
  </testcase> <!-- start -->
  <testcase name="createTicket" time="0.0" classname="Dev_progress.TicketCheck">
    <skipped/>
  </testcase> <!-- createTicket -->
  <testcase name="promo" time="0.0" classname="Dev_progress.PromocodeCreation">
    <skipped/>
  </testcase> <!-- promo -->
  <testcase name="start" time="0.0" classname="Dev_progress.PackageCreation">
    <skipped/>
  </testcase> <!-- start -->
  <testcase name="start" time="0.001" classname="Dev_progress.PromotionCreation">
    <skipped/>
  </testcase> <!-- start -->
  <testcase name="selectcalendar" time="0.0" classname="Dev_progress.NewCalendarStatus">
    <skipped/>
  </testcase> <!-- selectcalendar -->
  <testcase name="RateShaopper" time="0.001" classname="Dev_progress.RateShopperCheck">
    <skipped/>
  </testcase> <!-- RateShaopper -->
</testsuite> <!-- Panel Automation -->
