<?xml version="1.0" encoding="UTF-8"?>
<!-- Generated by org.testng.reporters.JUnitXMLReporter -->
<testsuite hostname="RezD021" name="Panel Automation" tests="5" failures="0" timestamp="18 Sep 2017 08:45:28 GMT" time="239.874" errors="0">
  <testcase name="start" time="59.171" classname="Dev_progress.RateCreation"/>
  <testcase name="start" time="54.953" classname="Dev_progress.PackageCreation"/>
  <testcase name="promo" time="29.717" classname="Dev_progress.PromocodeCreation"/>
  <testcase name="start" time="69.345" classname="Dev_progress.PromotionCreation"/>
  <testcase name="createTicket" time="26.623" classname="Dev_progress.TicketCheck"/>
</testsuite> <!-- Panel Automation -->
