<html>
<head>
<title>TestNG:  PanelARIReport-Jenkins</title>
<link href="../testng.css" rel="stylesheet" type="text/css" />
<link href="../my-testng.css" rel="stylesheet" type="text/css" />

<style type="text/css">
.log { display: none;} 
.stack-trace { display: none;} 
</style>
<script type="text/javascript">
<!--
function flip(e) {
  current = e.style.display;
  if (current == 'block') {
    e.style.display = 'none';
    return 0;
  }
  else {
    e.style.display = 'block';
    return 1;
  }
}

function toggleBox(szDivId, elem, msg1, msg2)
{
  var res = -1;  if (document.getElementById) {
    res = flip(document.getElementById(szDivId));
  }
  else if (document.all) {
    // this is the way old msie versions work
    res = flip(document.all[szDivId]);
  }
  if(elem) {
    if(res == 0) elem.innerHTML = msg1; else elem.innerHTML = msg2;
  }

}

function toggleAllBoxes() {
  if (document.getElementsByTagName) {
    d = document.getElementsByTagName('div');
    for (i = 0; i < d.length; i++) {
      if (d[i].className == 'log') {
        flip(d[i]);
      }
    }
  }
}

// -->
</script>

</head>
<body>
<h2 align='center'>PanelARIReport-Jenkins</h2><table border='1' align="center">
<tr>
<td>Tests passed/Failed/Skipped:</td><td>10/1/0</td>
</tr><tr>
<td>Started on:</td><td>Fri Apr 21 00:15:58 IST 2017</td>
</tr>
<tr><td>Total time:</td><td>215 seconds (215150 ms)</td>
</tr><tr>
<td>Included groups:</td><td></td>
</tr><tr>
<td>Excluded groups:</td><td></td>
</tr>
</table><p/>
<small><i>(Hover the method name to see the test class name)</i></small><p/>
<table width='100%' border='1' class='invocation-failed'>
<tr><td colspan='4' align='center'><b>FAILED TESTS</b></td></tr>
<tr><td><b>Test method</b></td>
<td width="30%"><b>Exception</b></td>
<td width="10%"><b>Time (seconds)</b></td>
<td><b>Instance</b></td>
</tr>
<tr>
<td title='Dev_progress.NewCalendarStatus.selectcalendar()'><b>selectcalendar</b><br>Test class: Dev_progress.NewCalendarStatus<br>Parameters: 5500, Change Rate, B2C, B2C00006, Business Club, 3, 21, 04, 21-Apr-2017, 21-Apr-2017, Multi, singleday</td>
<td><div><pre>org.openqa.selenium.WebDriverException: unknown error: Element &lt;a href=&quot;javascript:void(0);&quot; id=&quot;3&quot; ng-click=&quot;selecetdChannelChanged(channel.ID)&quot; ng-class=&quot;{&apos;channelActive&apos; : channel.isSelected == true }&quot; class=&quot;channelActive&quot;&gt;...&lt;/a&gt; is not clickable at point (562, 278). Other element would receive the click: &lt;a href=&quot;#/rateshoppers/custom&quot; target=&quot;_self&quot; title=&quot;RateShopper Settings&quot;&gt;...&lt;/a&gt;
  (Session info: chrome=57.0.2987.133)
  (Driver info: chromedriver=2.27.440174 (e97a722caafc2d3a8b807ee115bfb307f7d2cfd9),platform=Windows NT 6.1.7601 SP1 x86_64) (WARNING: The server did not provide any stacktrace information)
Command duration or timeout: 45 milliseconds
Build info: version: &apos;2.44.0&apos;, revision: &apos;76d78cf&apos;, time: &apos;2014-10-23 20:03:00&apos;
System info: host: &apos;RezD021&apos;, ip: &apos;192.168.4.70&apos;, os.name: &apos;Windows 7&apos;, os.arch: &apos;amd64&apos;, os.version: &apos;6.1&apos;, java.version: &apos;1.8.0_72&apos;
Driver info: org.openqa.selenium.chrome.ChromeDriver
Capabilities [{applicationCacheEnabled=false, rotatable=false, mobileEmulationEnabled=false, networkConnectionEnabled=false, chrome={chromedriverVersion=2.27.440174 (e97a722caafc2d3a8b807ee115bfb307f7d2cfd9), userDataDir=C:\Windows\TEMP\scoped_dir10668_21531}, takesHeapSnapshot=true, pageLoadStrategy=normal, databaseEnabled=false, handlesAlerts=true, hasTouchScreen=false, version=57.0.2987.133, platform=XP, browserConnectionEnabled=false, nativeEvents=true, acceptSslCerts=true, locationContextEnabled=true, webStorageEnabled=true, browserName=chrome, takesScreenshot=true, javascriptEnabled=true, cssSelectorsEnabled=true, unexpectedAlertBehaviour=}]
Session ID: dbebea17ead84acf524309ca34a0a6f1
	at org.openqa.selenium.remote.ErrorHandler.createThrowable(ErrorHandler.java:204)
	at org.openqa.selenium.remote.ErrorHandler.throwIfResponseFailed(ErrorHandler.java:156)
	at org.openqa.selenium.remote.RemoteWebDriver.execute(RemoteWebDriver.java:599)
	at org.openqa.selenium.remote.RemoteWebElement.execute(RemoteWebElement.java:268)
	at org.openqa.selenium.remote.RemoteWebElement.click(RemoteWebElement.java:79)
	at Dev_progress.NewCalendarStatus.selectcalendar(NewCalendarStatus.java:247)
... Removed 27 stack frames</pre></div><a href='#' onClick='toggleBox("stack-trace903525611", this, "Click to show all stack frames", "Click to hide stack frames")'>Click to show all stack frames</a>
<div class='stack-trace' id='stack-trace903525611'><pre>org.openqa.selenium.WebDriverException: unknown error: Element &lt;a href=&quot;javascript:void(0);&quot; id=&quot;3&quot; ng-click=&quot;selecetdChannelChanged(channel.ID)&quot; ng-class=&quot;{&apos;channelActive&apos; : channel.isSelected == true }&quot; class=&quot;channelActive&quot;&gt;...&lt;/a&gt; is not clickable at point (562, 278). Other element would receive the click: &lt;a href=&quot;#/rateshoppers/custom&quot; target=&quot;_self&quot; title=&quot;RateShopper Settings&quot;&gt;...&lt;/a&gt;
  (Session info: chrome=57.0.2987.133)
  (Driver info: chromedriver=2.27.440174 (e97a722caafc2d3a8b807ee115bfb307f7d2cfd9),platform=Windows NT 6.1.7601 SP1 x86_64) (WARNING: The server did not provide any stacktrace information)
Command duration or timeout: 45 milliseconds
Build info: version: &apos;2.44.0&apos;, revision: &apos;76d78cf&apos;, time: &apos;2014-10-23 20:03:00&apos;
System info: host: &apos;RezD021&apos;, ip: &apos;192.168.4.70&apos;, os.name: &apos;Windows 7&apos;, os.arch: &apos;amd64&apos;, os.version: &apos;6.1&apos;, java.version: &apos;1.8.0_72&apos;
Driver info: org.openqa.selenium.chrome.ChromeDriver
Capabilities [{applicationCacheEnabled=false, rotatable=false, mobileEmulationEnabled=false, networkConnectionEnabled=false, chrome={chromedriverVersion=2.27.440174 (e97a722caafc2d3a8b807ee115bfb307f7d2cfd9), userDataDir=C:\Windows\TEMP\scoped_dir10668_21531}, takesHeapSnapshot=true, pageLoadStrategy=normal, databaseEnabled=false, handlesAlerts=true, hasTouchScreen=false, version=57.0.2987.133, platform=XP, browserConnectionEnabled=false, nativeEvents=true, acceptSslCerts=true, locationContextEnabled=true, webStorageEnabled=true, browserName=chrome, takesScreenshot=true, javascriptEnabled=true, cssSelectorsEnabled=true, unexpectedAlertBehaviour=}]
Session ID: dbebea17ead84acf524309ca34a0a6f1
	at sun.reflect.NativeConstructorAccessorImpl.newInstance0(Native Method)
	at sun.reflect.NativeConstructorAccessorImpl.newInstance(Unknown Source)
	at sun.reflect.DelegatingConstructorAccessorImpl.newInstance(Unknown Source)
	at java.lang.reflect.Constructor.newInstance(Unknown Source)
	at org.openqa.selenium.remote.ErrorHandler.createThrowable(ErrorHandler.java:204)
	at org.openqa.selenium.remote.ErrorHandler.throwIfResponseFailed(ErrorHandler.java:156)
	at org.openqa.selenium.remote.RemoteWebDriver.execute(RemoteWebDriver.java:599)
	at org.openqa.selenium.remote.RemoteWebElement.execute(RemoteWebElement.java:268)
	at org.openqa.selenium.remote.RemoteWebElement.click(RemoteWebElement.java:79)
	at Dev_progress.NewCalendarStatus.selectcalendar(NewCalendarStatus.java:247)
	at sun.reflect.NativeMethodAccessorImpl.invoke0(Native Method)
	at sun.reflect.NativeMethodAccessorImpl.invoke(Unknown Source)
	at sun.reflect.DelegatingMethodAccessorImpl.invoke(Unknown Source)
	at java.lang.reflect.Method.invoke(Unknown Source)
	at org.testng.internal.MethodInvocationHelper.invokeMethod(MethodInvocationHelper.java:85)
	at org.testng.internal.Invoker.invokeMethod(Invoker.java:639)
	at org.testng.internal.Invoker.invokeTestMethod(Invoker.java:816)
	at org.testng.internal.Invoker.invokeTestMethods(Invoker.java:1124)
	at org.testng.internal.TestMethodWorker.invokeTestMethods(TestMethodWorker.java:125)
	at org.testng.internal.TestMethodWorker.run(TestMethodWorker.java:108)
	at org.testng.TestRunner.privateRun(TestRunner.java:774)
	at org.testng.TestRunner.run(TestRunner.java:624)
	at org.testng.SuiteRunner.runTest(SuiteRunner.java:359)
	at org.testng.SuiteRunner.runSequentially(SuiteRunner.java:354)
	at org.testng.SuiteRunner.privateRun(SuiteRunner.java:312)
	at org.testng.SuiteRunner.run(SuiteRunner.java:261)
	at org.testng.SuiteRunnerWorker.runSuite(SuiteRunnerWorker.java:52)
	at org.testng.SuiteRunnerWorker.run(SuiteRunnerWorker.java:86)
	at org.testng.TestNG.runSuitesSequentially(TestNG.java:1215)
	at org.testng.TestNG.runSuitesLocally(TestNG.java:1140)
	at org.testng.TestNG.run(TestNG.java:1048)
	at org.testng.TestNG.privateMain(TestNG.java:1355)
	at org.testng.TestNG.main(TestNG.java:1324)
</pre></div></td>
<td>3</td>
<td>Dev_progress.NewCalendarStatus@b684286</td></tr>
</table><p>
<table width='100%' border='1' class='invocation-passed'>
<tr><td colspan='4' align='center'><b>PASSED TESTS</b></td></tr>
<tr><td><b>Test method</b></td>
<td width="30%"><b>Exception</b></td>
<td width="10%"><b>Time (seconds)</b></td>
<td><b>Instance</b></td>
</tr>
<tr>
<td title='Dev_progress.NewCalendarStatus.selectcalendar()'><b>selectcalendar</b><br>Test class: Dev_progress.NewCalendarStatus<br>Parameters: 5000, Change Rate, B2C, B2C00006, Business Club, 3, 21, 04, 21-Apr-2017, 11-May-2017, Multi, multipleday</td>
<td></td>
<td>25</td>
<td>Dev_progress.NewCalendarStatus@b684286</td></tr>
<tr>
<td title='Dev_progress.NewCalendarStatus.selectcalendar()'><b>selectcalendar</b><br>Test class: Dev_progress.NewCalendarStatus<br>Parameters: 6000, Change Rate, B2C, B2C00006, Business Club, 3, 21, 04, 21-Apr-2017, 21-Apr-2017, Multi, singleday</td>
<td></td>
<td>22</td>
<td>Dev_progress.NewCalendarStatus@b684286</td></tr>
<tr>
<td title='Dev_progress.NewCalendarStatus.selectcalendar()'><b>selectcalendar</b><br>Test class: Dev_progress.NewCalendarStatus<br>Parameters: 6500, Change Rate, B2C, B2C00006, Business Club, 3, 21, 04, 21-Apr-2017, 11-May-2017, Multi, multipleday</td>
<td></td>
<td>25</td>
<td>Dev_progress.NewCalendarStatus@b684286</td></tr>
<tr>
<td title='Dev_progress.NewCalendarStatus.selectcalendar()'><b>selectcalendar</b><br>Test class: Dev_progress.NewCalendarStatus<br>Parameters: 10, Change Inventory, B2C, B2C00006, Business Club, 3, 21, 04, 21-Apr-2017, 21-Apr-2017, Single, singleday</td>
<td></td>
<td>15</td>
<td>Dev_progress.NewCalendarStatus@b684286</td></tr>
<tr>
<td title='Dev_progress.NewCalendarStatus.selectcalendar()'><b>selectcalendar</b><br>Test class: Dev_progress.NewCalendarStatus<br>Parameters: 15, Change Inventory, B2C, B2C00006, Business Club, 3, 21, 04, 21-Apr-2017, 11-May-2017, Multi, multipleday</td>
<td></td>
<td>23</td>
<td>Dev_progress.NewCalendarStatus@b684286</td></tr>
<tr>
<td title='Dev_progress.NewCalendarStatus.selectcalendar()'><b>selectcalendar</b><br>Test class: Dev_progress.NewCalendarStatus<br>Parameters: close, Open/Close Rooms, B2C, B2C00006, Business Club, 3, 21, 04, 21-Apr-2017, 21-Apr-2017, Single, singleday</td>
<td></td>
<td>22</td>
<td>Dev_progress.NewCalendarStatus@b684286</td></tr>
<tr>
<td title='Dev_progress.NewCalendarStatus.selectcalendar()'><b>selectcalendar</b><br>Test class: Dev_progress.NewCalendarStatus<br>Parameters: close, Open/Close Rooms, B2C, B2C00006, Business Club, 3, 21, 04, 21-Apr-2017, 11-May-2017, Single, multipleday</td>
<td></td>
<td>26</td>
<td>Dev_progress.NewCalendarStatus@b684286</td></tr>
<tr>
<td title='Dev_progress.NewCalendarStatus.selectcalendar()'><b>selectcalendar</b><br>Test class: Dev_progress.NewCalendarStatus<br>Parameters: open, Open/Close Rooms, B2C, B2C00006, Business Club, 3, 21, 04, 21-Apr-2017, 21-Apr-2017, Single, singleday</td>
<td></td>
<td>23</td>
<td>Dev_progress.NewCalendarStatus@b684286</td></tr>
<tr>
<td title='Dev_progress.NewCalendarStatus.selectcalendar()'><b>selectcalendar</b><br>Test class: Dev_progress.NewCalendarStatus<br>Parameters: open, Open/Close Rooms, B2C, B2C00006, Business Club, 3, 21, 04, 21-Apr-2017, 11-May-2017, Single, multipleday</td>
<td></td>
<td>26</td>
<td>Dev_progress.NewCalendarStatus@b684286</td></tr>
<tr>
<td title='Dev_progress.RateCreation.start()'><b>start</b><br>Test class: Dev_progress.RateCreation</td>
<td></td>
<td>0</td>
<td>Dev_progress.RateCreation@34ce8af7</td></tr>
</table><p>
</body>
</html>