<?xml version="1.0" encoding="UTF-8"?>
<!-- Generated by org.testng.reporters.JUnitXMLReporter -->
<testsuite hostname="RezD021" name="Default test" tests="47" failures="1" timestamp="20 Apr 2017 12:40:48 GMT" time="7670.852" errors="0">
  <testcase name="RateFetchClick" time="147.073" classname="Dev_progress.RateShopperFetch"/>
  <testcase name="RateFetchClick" time="151.81" classname="Dev_progress.RateShopperFetch"/>
  <testcase name="RateFetchClick" time="152.108" classname="Dev_progress.RateShopperFetch"/>
  <testcase name="RateFetchClick" time="152.335" classname="Dev_progress.RateShopperFetch"/>
  <testcase name="RateFetchClick" time="151.796" classname="Dev_progress.RateShopperFetch"/>
  <testcase name="RateFetchClick" time="152.115" classname="Dev_progress.RateShopperFetch"/>
  <testcase name="RateFetchClick" time="31.895" classname="Dev_progress.RateShopperFetch"/>
  <testcase name="RateFetchClick" time="151.655" classname="Dev_progress.RateShopperFetch"/>
  <testcase name="RateFetchClick" time="151.412" classname="Dev_progress.RateShopperFetch"/>
  <testcase name="RateFetchClick" time="151.111" classname="Dev_progress.RateShopperFetch"/>
  <testcase name="RateFetchClick" time="150.836" classname="Dev_progress.RateShopperFetch"/>
  <testcase name="RateFetchClick" time="152.022" classname="Dev_progress.RateShopperFetch"/>
  <testcase name="RateFetchClick" time="151.862" classname="Dev_progress.RateShopperFetch"/>
  <testcase name="RateFetchClick" time="154.532" classname="Dev_progress.RateShopperFetch"/>
  <testcase name="RateFetchClick" time="153.821" classname="Dev_progress.RateShopperFetch"/>
  <testcase name="RateFetchClick" time="151.926" classname="Dev_progress.RateShopperFetch"/>
  <testcase name="RateFetchClick" time="155.587" classname="Dev_progress.RateShopperFetch"/>
  <testcase name="RateFetchClick" time="151.044" classname="Dev_progress.RateShopperFetch"/>
  <testcase name="RateFetchClick" time="155.54" classname="Dev_progress.RateShopperFetch"/>
  <testcase name="RateFetchClick" time="153.685" classname="Dev_progress.RateShopperFetch"/>
  <testcase name="RateFetchClick" time="152.567" classname="Dev_progress.RateShopperFetch"/>
  <testcase name="RateFetchClick" time="156.032" classname="Dev_progress.RateShopperFetch"/>
  <testcase name="RateFetchClick" time="152.183" classname="Dev_progress.RateShopperFetch"/>
  <testcase name="RateFetchClick" time="154.699" classname="Dev_progress.RateShopperFetch"/>
  <testcase name="RateFetchClick" time="909.467" classname="Dev_progress.RateShopperFetch">
    <failure type="org.openqa.selenium.TimeoutException" message="timeout: cannot determine loading status
from timeout: Timed out receiving message from renderer: -600.016
  (Session info: chrome=57.0.2987.133)
  (Driver info: chromedriver=2.27.440174 (e97a722caafc2d3a8b807ee115bfb307f7d2cfd9),platform=Windows NT 6.1.7601 SP1 x86_64) (WARNING: The server did not provide any stacktrace information)
Command duration or timeout: 900.11 seconds
Build info: version: &amp;apos;2.44.0&amp;apos;, revision: &amp;apos;76d78cf&amp;apos;, time: &amp;apos;2014-10-23 20:03:00&amp;apos;
System info: host: &amp;apos;RezD021&amp;apos;, ip: &amp;apos;192.168.4.70&amp;apos;, os.name: &amp;apos;Windows 7&amp;apos;, os.arch: &amp;apos;amd64&amp;apos;, os.version: &amp;apos;6.1&amp;apos;, java.version: &amp;apos;1.8.0_72&amp;apos;
Driver info: org.openqa.selenium.chrome.ChromeDriver
Capabilities [{applicationCacheEnabled=false, rotatable=false, mobileEmulationEnabled=false, networkConnectionEnabled=false, chrome={chromedriverVersion=2.27.440174 (e97a722caafc2d3a8b807ee115bfb307f7d2cfd9), userDataDir=C:\Users\ANIL~1.KUM\AppData\Local\Temp\scoped_dir10412_1765}, takesHeapSnapshot=true, pageLoadStrategy=normal, databaseEnabled=false, handlesAlerts=true, hasTouchScreen=false, version=57.0.2987.133, platform=XP, browserConnectionEnabled=false, nativeEvents=true, acceptSslCerts=true, locationContextEnabled=true, webStorageEnabled=true, browserName=chrome, takesScreenshot=true, javascriptEnabled=true, cssSelectorsEnabled=true, unexpectedAlertBehaviour=}]
Session ID: 400d70a54e11066335efafc9f1185ac4">
      <![CDATA[org.openqa.selenium.TimeoutException: timeout: cannot determine loading status
from timeout: Timed out receiving message from renderer: -600.016
  (Session info: chrome=57.0.2987.133)
  (Driver info: chromedriver=2.27.440174 (e97a722caafc2d3a8b807ee115bfb307f7d2cfd9),platform=Windows NT 6.1.7601 SP1 x86_64) (WARNING: The server did not provide any stacktrace information)
Command duration or timeout: 900.11 seconds
Build info: version: '2.44.0', revision: '76d78cf', time: '2014-10-23 20:03:00'
System info: host: 'RezD021', ip: '192.168.4.70', os.name: 'Windows 7', os.arch: 'amd64', os.version: '6.1', java.version: '1.8.0_72'
Driver info: org.openqa.selenium.chrome.ChromeDriver
Capabilities [{applicationCacheEnabled=false, rotatable=false, mobileEmulationEnabled=false, networkConnectionEnabled=false, chrome={chromedriverVersion=2.27.440174 (e97a722caafc2d3a8b807ee115bfb307f7d2cfd9), userDataDir=C:\Users\ANIL~1.KUM\AppData\Local\Temp\scoped_dir10412_1765}, takesHeapSnapshot=true, pageLoadStrategy=normal, databaseEnabled=false, handlesAlerts=true, hasTouchScreen=false, version=57.0.2987.133, platform=XP, browserConnectionEnabled=false, nativeEvents=true, acceptSslCerts=true, locationContextEnabled=true, webStorageEnabled=true, browserName=chrome, takesScreenshot=true, javascriptEnabled=true, cssSelectorsEnabled=true, unexpectedAlertBehaviour=}]
Session ID: 400d70a54e11066335efafc9f1185ac4
	at sun.reflect.NativeConstructorAccessorImpl.newInstance0(Native Method)
	at sun.reflect.NativeConstructorAccessorImpl.newInstance(Unknown Source)
	at sun.reflect.DelegatingConstructorAccessorImpl.newInstance(Unknown Source)
	at java.lang.reflect.Constructor.newInstance(Unknown Source)
	at org.openqa.selenium.remote.ErrorHandler.createThrowable(ErrorHandler.java:204)
	at org.openqa.selenium.remote.ErrorHandler.throwIfResponseFailed(ErrorHandler.java:156)
	at org.openqa.selenium.remote.RemoteWebDriver.execute(RemoteWebDriver.java:599)
	at org.openqa.selenium.remote.RemoteWebDriver.get(RemoteWebDriver.java:304)
	at Dev_progress.RateShopperFetch.RateFetchClick(RateShopperFetch.java:177)
	at sun.reflect.GeneratedMethodAccessor5.invoke(Unknown Source)
	at sun.reflect.DelegatingMethodAccessorImpl.invoke(Unknown Source)
	at java.lang.reflect.Method.invoke(Unknown Source)
	at org.testng.internal.MethodInvocationHelper.invokeMethod(MethodInvocationHelper.java:85)
	at org.testng.internal.Invoker.invokeMethod(Invoker.java:639)
	at org.testng.internal.Invoker.invokeTestMethod(Invoker.java:816)
	at org.testng.internal.Invoker.invokeTestMethods(Invoker.java:1124)
	at org.testng.internal.TestMethodWorker.invokeTestMethods(TestMethodWorker.java:125)
	at org.testng.internal.TestMethodWorker.run(TestMethodWorker.java:108)
	at org.testng.TestRunner.privateRun(TestRunner.java:774)
	at org.testng.TestRunner.run(TestRunner.java:624)
	at org.testng.SuiteRunner.runTest(SuiteRunner.java:359)
	at org.testng.SuiteRunner.runSequentially(SuiteRunner.java:354)
	at org.testng.SuiteRunner.privateRun(SuiteRunner.java:312)
	at org.testng.SuiteRunner.run(SuiteRunner.java:261)
	at org.testng.SuiteRunnerWorker.runSuite(SuiteRunnerWorker.java:52)
	at org.testng.SuiteRunnerWorker.run(SuiteRunnerWorker.java:86)
	at org.testng.TestNG.runSuitesSequentially(TestNG.java:1215)
	at org.testng.TestNG.runSuitesLocally(TestNG.java:1140)
	at org.testng.TestNG.run(TestNG.java:1048)
	at org.testng.remote.RemoteTestNG.run(RemoteTestNG.java:112)
	at org.testng.remote.RemoteTestNG.initAndRun(RemoteTestNG.java:205)
	at org.testng.remote.RemoteTestNG.main(RemoteTestNG.java:176)
]]>
    </failure>
  </testcase> <!-- RateFetchClick -->
  <testcase name="RateFetchClick" time="676.26" classname="Dev_progress.RateShopperFetch"/>
  <testcase name="RateFetchClick" time="13.249" classname="Dev_progress.RateShopperFetch"/>
  <testcase name="RateFetchClick" time="15.565" classname="Dev_progress.RateShopperFetch"/>
  <testcase name="RateFetchClick" time="149.515" classname="Dev_progress.RateShopperFetch"/>
  <testcase name="RateFetchClick" time="153.363" classname="Dev_progress.RateShopperFetch"/>
  <testcase name="RateFetchClick" time="153.058" classname="Dev_progress.RateShopperFetch"/>
  <testcase name="RateFetchClick" time="154.32" classname="Dev_progress.RateShopperFetch"/>
  <testcase name="RateFetchClick" time="151.62" classname="Dev_progress.RateShopperFetch"/>
  <testcase name="RateFetchClick" time="153.393" classname="Dev_progress.RateShopperFetch"/>
  <testcase name="RateFetchClick" time="157.949" classname="Dev_progress.RateShopperFetch"/>
  <testcase name="RateFetchClick" time="154.893" classname="Dev_progress.RateShopperFetch"/>
  <testcase name="RateFetchClick" time="152.224" classname="Dev_progress.RateShopperFetch"/>
  <testcase name="RateFetchClick" time="151.824" classname="Dev_progress.RateShopperFetch"/>
  <testcase name="RateFetchClick" time="154.375" classname="Dev_progress.RateShopperFetch"/>
  <testcase name="RateFetchClick" time="151.778" classname="Dev_progress.RateShopperFetch"/>
  <testcase name="RateFetchClick" time="164.478" classname="Dev_progress.RateShopperFetch"/>
  <testcase name="RateFetchClick" time="12.557" classname="Dev_progress.RateShopperFetch"/>
  <testcase name="RateFetchClick" time="13.073" classname="Dev_progress.RateShopperFetch"/>
  <testcase name="RateFetchClick" time="28.915" classname="Dev_progress.RateShopperFetch"/>
  <testcase name="RateFetchClick" time="153.788" classname="Dev_progress.RateShopperFetch"/>
  <testcase name="RateFetchClick" time="152.387" classname="Dev_progress.RateShopperFetch"/>
  <testcase name="RateFetchClick" time="152.93" classname="Dev_progress.RateShopperFetch"/>
</testsuite> <!-- Default test -->
