<?xml version="1.0" encoding="UTF-8"?>
<!-- Generated by org.testng.reporters.JUnitXMLReporter -->
<testsuite hostname="RezD021" name="Maxima" tests="1" failures="1" timestamp="15 Jun 2017 13:19:06 GMT" time="0.033" errors="0">
  <testcase name="start" time="0.022" classname="Dev_progress.Maxima">
    <failure type="java.lang.ClassNotFoundException" message="com.microsoft.sqlserver.jdbc.SQLServerDriver">
      <![CDATA[java.lang.ClassNotFoundException: com.microsoft.sqlserver.jdbc.SQLServerDriver
	at java.net.URLClassLoader.findClass(Unknown Source)
	at java.lang.ClassLoader.loadClass(Unknown Source)
	at sun.misc.Launcher$AppClassLoader.loadClass(Unknown Source)
	at java.lang.ClassLoader.loadClass(Unknown Source)
	at java.lang.Class.forName0(Native Method)
	at java.lang.Class.forName(Unknown Source)
	at Dev_progress.Maxima.start(Maxima.java:37)
... Removed 23 stack frames]]>
    </failure>
  </testcase> <!-- start -->
</testsuite> <!-- Maxima -->
