<?xml version="1.0" encoding="UTF-8"?>
<!-- Generated by org.testng.reporters.JUnitXMLReporter -->
<testsuite hostname="RezD021" name="Maxima" tests="1" failures="1" timestamp="17 Oct 2017 04:00:35 GMT" time="11.948" errors="0">
  <testcase name="start" time="11.924" classname="Dev_progress.Maxima">
    <failure type="com.microsoft.sqlserver.jdbc.SQLServerException" message="The driver could not establish a secure connection to SQL Server by using Secure Sockets Layer (SSL) encryption. Error: &amp;quot;Connection reset by peer: socket write error ClientConnectionId:bdff03d8-e0ae-4846-8421-7ea2eadede99&amp;quot;.">
      <![CDATA[com.microsoft.sqlserver.jdbc.SQLServerException: The driver could not establish a secure connection to SQL Server by using Secure Sockets Layer (SSL) encryption. Error: "Connection reset by peer: socket write error ClientConnectionId:bdff03d8-e0ae-4846-8421-7ea2eadede99".
	at com.microsoft.sqlserver.jdbc.SQLServerConnection.terminate(SQLServerConnection.java:2397)
	at com.microsoft.sqlserver.jdbc.TDSChannel.enableSSL(IOBuffer.java:1762)
	at com.microsoft.sqlserver.jdbc.SQLServerConnection.connectHelper(SQLServerConnection.java:1977)
	at com.microsoft.sqlserver.jdbc.SQLServerConnection.login(SQLServerConnection.java:1628)
	at com.microsoft.sqlserver.jdbc.SQLServerConnection.connectInternal(SQLServerConnection.java:1459)
	at com.microsoft.sqlserver.jdbc.SQLServerConnection.connect(SQLServerConnection.java:773)
	at com.microsoft.sqlserver.jdbc.SQLServerDriver.connect(SQLServerDriver.java:1168)
	at java.sql.DriverManager.getConnection(Unknown Source)
	at java.sql.DriverManager.getConnection(Unknown Source)
	at Dev_progress.Maxima.start(Maxima.java:40)
Caused by: java.io.IOException: Connection reset by peer: socket write error ClientConnectionId:bdff03d8-e0ae-4846-8421-7ea2eadede99
	at com.microsoft.sqlserver.jdbc.TDSChannel$SSLHandshakeInputStream.ensureSSLPayload(IOBuffer.java:698)
	at com.microsoft.sqlserver.jdbc.TDSChannel$SSLHandshakeInputStream.readInternal(IOBuffer.java:768)
	at com.microsoft.sqlserver.jdbc.TDSChannel$SSLHandshakeInputStream.read(IOBuffer.java:760)
	at com.microsoft.sqlserver.jdbc.TDSChannel$ProxyInputStream.readInternal(IOBuffer.java:955)
	at com.microsoft.sqlserver.jdbc.TDSChannel$ProxyInputStream.read(IOBuffer.java:943)
	at sun.security.ssl.InputRecord.readFully(Unknown Source)
	at sun.security.ssl.InputRecord.read(Unknown Source)
	at sun.security.ssl.SSLSocketImpl.readRecord(Unknown Source)
	at sun.security.ssl.SSLSocketImpl.performInitialHandshake(Unknown Source)
	at sun.security.ssl.SSLSocketImpl.startHandshake(Unknown Source)
	at sun.security.ssl.SSLSocketImpl.startHandshake(Unknown Source)
	at com.microsoft.sqlserver.jdbc.TDSChannel.enableSSL(IOBuffer.java:1688)
	... 31 more
... Removed 23 stack frames]]>
    </failure>
  </testcase> <!-- start -->
</testsuite> <!-- Maxima -->
