<?xml version="1.0" encoding="UTF-8"?>
<testng-results skipped="0" failed="1" total="10" passed="9">
  <reporter-output>
    <line>
      <![CDATA[<font font-family='Times New Roman'>Calendar Page--</font><font color='blue'>(Custcode:-93 Channel Name:-TravelTripper Status:-Saved successfully-:PASS</font></a>]]>
    </line>
    <line>
      <![CDATA[<font font-family='Times New Roman'>Calendar Page--</font><font color='blue'>(Custcode:-6331 Channel Name:-TravelTripper Status:-Saved successfully-:PASS</font></a>]]>
    </line>
    <line>
      <![CDATA[<font font-family='Times New Roman'>Calendar Page--</font><font color='blue'>(Custcode:-6025 Channel Name:-TravelTripper Status:-Saved successfully-:PASS</font></a>]]>
    </line>
    <line>
      <![CDATA[<font font-family='Times New Roman'>Calendar Page--</font><font color='blue'>(Custcode:-2729 Channel Name:-TravelTripper Status:-Saved successfully-:PASS</font></a>]]>
    </line>
    <line>
      <![CDATA[<font font-family='Times New Roman'>Calendar Page--</font><font color='blue'>(Custcode:-837 Channel Name:-TravelTripper Status:-Saved successfully-:PASS</font></a>]]>
    </line>
    <line>
      <![CDATA[<font font-family='Times New Roman'>Calendar Page--</font><font color='blue'>(Custcode:-5822 Channel Name:-TravelTripper Status:-Saved successfully-:PASS</font></a>]]>
    </line>
    <line>
      <![CDATA[<font font-family='Times New Roman'>Calendar Page--</font><font color='blue'>(Custcode:-1682 Channel Name:-TravelTripper Status:-Saved successfully-:PASS</font></a>]]>
    </line>
  </reporter-output>
  <suite name="Default suite" duration-ms="618021" started-at="2017-11-09T05:09:22Z" finished-at="2017-11-09T05:19:40Z">
    <groups>
    </groups>
    <test name="Default test" duration-ms="618021" started-at="2017-11-09T05:09:22Z" finished-at="2017-11-09T05:19:40Z">
      <class name="DataSync.DataSyn">
        <test-method status="PASS" signature="datasyn(int, java.lang.String)[pri:0, instance:DataSync.DataSyn@6aaa5eb0]" name="datasyn" duration-ms="112232" started-at="2017-11-09T10:39:22Z" data-provider="getData" finished-at="2017-11-09T10:41:14Z">
          <params>
            <param index="0">
              <value>
                <![CDATA[93]]>
              </value>
            </param>
            <param index="1">
              <value>
                <![CDATA[1]]>
              </value>
            </param>
          </params>
          <reporter-output>
            <line>
              <![CDATA[<font font-family='Times New Roman'>Calendar Page--</font><font color='blue'>(Custcode:-93 Channel Name:-TravelTripper Status:-Saved successfully-:PASS</font></a>]]>
            </line>
          </reporter-output>
        </test-method> <!-- datasyn -->
        <test-method status="PASS" signature="datasyn(int, java.lang.String)[pri:0, instance:DataSync.DataSyn@6aaa5eb0]" name="datasyn" duration-ms="68058" started-at="2017-11-09T10:41:14Z" data-provider="getData" finished-at="2017-11-09T10:42:22Z">
          <params>
            <param index="0">
              <value>
                <![CDATA[6331]]>
              </value>
            </param>
            <param index="1">
              <value>
                <![CDATA[1]]>
              </value>
            </param>
          </params>
          <reporter-output>
            <line>
              <![CDATA[<font font-family='Times New Roman'>Calendar Page--</font><font color='blue'>(Custcode:-6331 Channel Name:-TravelTripper Status:-Saved successfully-:PASS</font></a>]]>
            </line>
          </reporter-output>
        </test-method> <!-- datasyn -->
        <test-method status="PASS" signature="datasyn(int, java.lang.String)[pri:0, instance:DataSync.DataSyn@6aaa5eb0]" name="datasyn" duration-ms="72294" started-at="2017-11-09T10:42:22Z" data-provider="getData" finished-at="2017-11-09T10:43:35Z">
          <params>
            <param index="0">
              <value>
                <![CDATA[6025]]>
              </value>
            </param>
            <param index="1">
              <value>
                <![CDATA[1]]>
              </value>
            </param>
          </params>
          <reporter-output>
            <line>
              <![CDATA[<font font-family='Times New Roman'>Calendar Page--</font><font color='blue'>(Custcode:-6025 Channel Name:-TravelTripper Status:-Saved successfully-:PASS</font></a>]]>
            </line>
          </reporter-output>
        </test-method> <!-- datasyn -->
        <test-method status="PASS" signature="datasyn(int, java.lang.String)[pri:0, instance:DataSync.DataSyn@6aaa5eb0]" name="datasyn" duration-ms="87106" started-at="2017-11-09T10:43:35Z" data-provider="getData" finished-at="2017-11-09T10:45:02Z">
          <params>
            <param index="0">
              <value>
                <![CDATA[2729]]>
              </value>
            </param>
            <param index="1">
              <value>
                <![CDATA[1]]>
              </value>
            </param>
          </params>
          <reporter-output>
            <line>
              <![CDATA[<font font-family='Times New Roman'>Calendar Page--</font><font color='blue'>(Custcode:-2729 Channel Name:-TravelTripper Status:-Saved successfully-:PASS</font></a>]]>
            </line>
          </reporter-output>
        </test-method> <!-- datasyn -->
        <test-method status="FAIL" signature="datasyn(int, java.lang.String)[pri:0, instance:DataSync.DataSyn@6aaa5eb0]" name="datasyn" duration-ms="11768" started-at="2017-11-09T10:45:02Z" data-provider="getData" finished-at="2017-11-09T10:45:14Z">
          <params>
            <param index="0">
              <value>
                <![CDATA[3208]]>
              </value>
            </param>
            <param index="1">
              <value>
                <![CDATA[1]]>
              </value>
            </param>
          </params>
          <exception class="org.openqa.selenium.WebDriverException">
            <message>
              <![CDATA[unknown error: Element <td class="border_bold">...</td> is not clickable at point (1290, 748). Other element would receive the click: <div class="spinner" role="progressbar" style="position: absolute; width: 0px; z-index: 2000000000; left: 50%; top: 50%;">...</div>
  (Session info: chrome=61.0.3163.100)
  (Driver info: chromedriver=2.27.440174 (e97a722caafc2d3a8b807ee115bfb307f7d2cfd9),platform=Windows NT 6.1.7601 SP1 x86_64) (WARNING: The server did not provide any stacktrace information)
Command duration or timeout: 125 milliseconds
Build info: version: '2.44.0', revision: '76d78cf', time: '2014-10-23 20:03:00'
System info: host: 'RezD021', ip: '192.168.4.70', os.name: 'Windows 7', os.arch: 'amd64', os.version: '6.1', java.version: '1.8.0_72'
Driver info: org.openqa.selenium.chrome.ChromeDriver
Capabilities [{applicationCacheEnabled=false, rotatable=false, mobileEmulationEnabled=false, networkConnectionEnabled=false, chrome={chromedriverVersion=2.27.440174 (e97a722caafc2d3a8b807ee115bfb307f7d2cfd9), userDataDir=C:\Users\ANIL~1.KUM\AppData\Local\Temp\scoped_dir10292_2421}, takesHeapSnapshot=true, pageLoadStrategy=normal, databaseEnabled=false, handlesAlerts=true, hasTouchScreen=false, version=61.0.3163.100, platform=XP, browserConnectionEnabled=false, nativeEvents=true, acceptSslCerts=true, locationContextEnabled=true, webStorageEnabled=true, browserName=chrome, takesScreenshot=true, javascriptEnabled=true, cssSelectorsEnabled=true, unexpectedAlertBehaviour=}]
Session ID: 2adea61203f871a3d95c7d152cb58af2]]>
            </message>
            <full-stacktrace>
              <![CDATA[org.openqa.selenium.WebDriverException: unknown error: Element <td class="border_bold">...</td> is not clickable at point (1290, 748). Other element would receive the click: <div class="spinner" role="progressbar" style="position: absolute; width: 0px; z-index: 2000000000; left: 50%; top: 50%;">...</div>
  (Session info: chrome=61.0.3163.100)
  (Driver info: chromedriver=2.27.440174 (e97a722caafc2d3a8b807ee115bfb307f7d2cfd9),platform=Windows NT 6.1.7601 SP1 x86_64) (WARNING: The server did not provide any stacktrace information)
Command duration or timeout: 125 milliseconds
Build info: version: '2.44.0', revision: '76d78cf', time: '2014-10-23 20:03:00'
System info: host: 'RezD021', ip: '192.168.4.70', os.name: 'Windows 7', os.arch: 'amd64', os.version: '6.1', java.version: '1.8.0_72'
Driver info: org.openqa.selenium.chrome.ChromeDriver
Capabilities [{applicationCacheEnabled=false, rotatable=false, mobileEmulationEnabled=false, networkConnectionEnabled=false, chrome={chromedriverVersion=2.27.440174 (e97a722caafc2d3a8b807ee115bfb307f7d2cfd9), userDataDir=C:\Users\ANIL~1.KUM\AppData\Local\Temp\scoped_dir10292_2421}, takesHeapSnapshot=true, pageLoadStrategy=normal, databaseEnabled=false, handlesAlerts=true, hasTouchScreen=false, version=61.0.3163.100, platform=XP, browserConnectionEnabled=false, nativeEvents=true, acceptSslCerts=true, locationContextEnabled=true, webStorageEnabled=true, browserName=chrome, takesScreenshot=true, javascriptEnabled=true, cssSelectorsEnabled=true, unexpectedAlertBehaviour=}]
Session ID: 2adea61203f871a3d95c7d152cb58af2
	at sun.reflect.NativeConstructorAccessorImpl.newInstance0(Native Method)
	at sun.reflect.NativeConstructorAccessorImpl.newInstance(Unknown Source)
	at sun.reflect.DelegatingConstructorAccessorImpl.newInstance(Unknown Source)
	at java.lang.reflect.Constructor.newInstance(Unknown Source)
	at org.openqa.selenium.remote.ErrorHandler.createThrowable(ErrorHandler.java:204)
	at org.openqa.selenium.remote.ErrorHandler.throwIfResponseFailed(ErrorHandler.java:156)
	at org.openqa.selenium.remote.RemoteWebDriver.execute(RemoteWebDriver.java:599)
	at org.openqa.selenium.remote.RemoteWebElement.execute(RemoteWebElement.java:268)
	at org.openqa.selenium.remote.RemoteWebElement.click(RemoteWebElement.java:79)
	at DataSync.DataSyn.click(DataSyn.java:350)
	at DataSync.DataSyn.datasyn(DataSyn.java:207)
	at sun.reflect.NativeMethodAccessorImpl.invoke0(Native Method)
	at sun.reflect.NativeMethodAccessorImpl.invoke(Unknown Source)
	at sun.reflect.DelegatingMethodAccessorImpl.invoke(Unknown Source)
	at java.lang.reflect.Method.invoke(Unknown Source)
	at org.testng.internal.MethodInvocationHelper.invokeMethod(MethodInvocationHelper.java:85)
	at org.testng.internal.Invoker.invokeMethod(Invoker.java:639)
	at org.testng.internal.Invoker.invokeTestMethod(Invoker.java:816)
	at org.testng.internal.Invoker.invokeTestMethods(Invoker.java:1124)
	at org.testng.internal.TestMethodWorker.invokeTestMethods(TestMethodWorker.java:125)
	at org.testng.internal.TestMethodWorker.run(TestMethodWorker.java:108)
	at org.testng.TestRunner.privateRun(TestRunner.java:774)
	at org.testng.TestRunner.run(TestRunner.java:624)
	at org.testng.SuiteRunner.runTest(SuiteRunner.java:359)
	at org.testng.SuiteRunner.runSequentially(SuiteRunner.java:354)
	at org.testng.SuiteRunner.privateRun(SuiteRunner.java:312)
	at org.testng.SuiteRunner.run(SuiteRunner.java:261)
	at org.testng.SuiteRunnerWorker.runSuite(SuiteRunnerWorker.java:52)
	at org.testng.SuiteRunnerWorker.run(SuiteRunnerWorker.java:86)
	at org.testng.TestNG.runSuitesSequentially(TestNG.java:1215)
	at org.testng.TestNG.runSuitesLocally(TestNG.java:1140)
	at org.testng.TestNG.run(TestNG.java:1048)
	at org.testng.remote.RemoteTestNG.run(RemoteTestNG.java:112)
	at org.testng.remote.RemoteTestNG.initAndRun(RemoteTestNG.java:205)
	at org.testng.remote.RemoteTestNG.main(RemoteTestNG.java:176)
]]>
            </full-stacktrace>
          </exception> <!-- org.openqa.selenium.WebDriverException -->
          <reporter-output>
          </reporter-output>
        </test-method> <!-- datasyn -->
        <test-method status="PASS" signature="datasyn(int, java.lang.String)[pri:0, instance:DataSync.DataSyn@6aaa5eb0]" name="datasyn" duration-ms="36471" started-at="2017-11-09T10:45:14Z" data-provider="getData" finished-at="2017-11-09T10:45:50Z">
          <params>
            <param index="0">
              <value>
                <![CDATA[5730]]>
              </value>
            </param>
            <param index="1">
              <value>
                <![CDATA[1]]>
              </value>
            </param>
          </params>
          <reporter-output>
          </reporter-output>
        </test-method> <!-- datasyn -->
        <test-method status="PASS" signature="datasyn(int, java.lang.String)[pri:0, instance:DataSync.DataSyn@6aaa5eb0]" name="datasyn" duration-ms="36713" started-at="2017-11-09T10:45:50Z" data-provider="getData" finished-at="2017-11-09T10:46:27Z">
          <params>
            <param index="0">
              <value>
                <![CDATA[104105]]>
              </value>
            </param>
            <param index="1">
              <value>
                <![CDATA[1]]>
              </value>
            </param>
          </params>
          <reporter-output>
          </reporter-output>
        </test-method> <!-- datasyn -->
        <test-method status="PASS" signature="datasyn(int, java.lang.String)[pri:0, instance:DataSync.DataSyn@6aaa5eb0]" name="datasyn" duration-ms="65080" started-at="2017-11-09T10:46:27Z" data-provider="getData" finished-at="2017-11-09T10:47:32Z">
          <params>
            <param index="0">
              <value>
                <![CDATA[837]]>
              </value>
            </param>
            <param index="1">
              <value>
                <![CDATA[1]]>
              </value>
            </param>
          </params>
          <reporter-output>
            <line>
              <![CDATA[<font font-family='Times New Roman'>Calendar Page--</font><font color='blue'>(Custcode:-837 Channel Name:-TravelTripper Status:-Saved successfully-:PASS</font></a>]]>
            </line>
          </reporter-output>
        </test-method> <!-- datasyn -->
        <test-method status="PASS" signature="datasyn(int, java.lang.String)[pri:0, instance:DataSync.DataSyn@6aaa5eb0]" name="datasyn" duration-ms="65867" started-at="2017-11-09T10:47:32Z" data-provider="getData" finished-at="2017-11-09T10:48:38Z">
          <params>
            <param index="0">
              <value>
                <![CDATA[5822]]>
              </value>
            </param>
            <param index="1">
              <value>
                <![CDATA[1]]>
              </value>
            </param>
          </params>
          <reporter-output>
            <line>
              <![CDATA[<font font-family='Times New Roman'>Calendar Page--</font><font color='blue'>(Custcode:-5822 Channel Name:-TravelTripper Status:-Saved successfully-:PASS</font></a>]]>
            </line>
          </reporter-output>
        </test-method> <!-- datasyn -->
        <test-method status="PASS" signature="datasyn(int, java.lang.String)[pri:0, instance:DataSync.DataSyn@6aaa5eb0]" name="datasyn" duration-ms="61952" started-at="2017-11-09T10:48:38Z" data-provider="getData" finished-at="2017-11-09T10:49:40Z">
          <params>
            <param index="0">
              <value>
                <![CDATA[1682]]>
              </value>
            </param>
            <param index="1">
              <value>
                <![CDATA[1]]>
              </value>
            </param>
          </params>
          <reporter-output>
            <line>
              <![CDATA[<font font-family='Times New Roman'>Calendar Page--</font><font color='blue'>(Custcode:-1682 Channel Name:-TravelTripper Status:-Saved successfully-:PASS</font></a>]]>
            </line>
          </reporter-output>
        </test-method> <!-- datasyn -->
      </class> <!-- DataSync.DataSyn -->
    </test> <!-- Default test -->
  </suite> <!-- Default suite -->
</testng-results>
