<?xml version="1.0" encoding="UTF-8"?>
<testng-results skipped="0" failed="0" total="2" passed="2">
  <reporter-output>
  </reporter-output>
  <suite name="Maxim" duration-ms="876222" started-at="2017-12-18T04:00:39Z" finished-at="2017-12-18T04:15:15Z">
    <groups>
    </groups>
    <test name="Maxim" duration-ms="869783" started-at="2017-12-18T04:00:39Z" finished-at="2017-12-18T04:15:08Z">
      <class name="Maxima.Maxima">
        <test-method status="PASS" signature="start()[pri:0, instance:Maxima.Maxima@e580929]" name="start" duration-ms="869762" started-at="2017-12-18T09:30:39Z" finished-at="2017-12-18T09:45:08Z">
          <reporter-output>
          </reporter-output>
        </test-method> <!-- start -->
      </class> <!-- Maxima.Maxima -->
    </test> <!-- Maxim -->
    <test name="SendMaxim" duration-ms="6331" started-at="2017-12-18T04:15:09Z" finished-at="2017-12-18T04:15:15Z">
      <class name="SendMail.SendMaximaDataDumpStatus">
        <test-method status="PASS" signature="execute()[pri:0, instance:SendMail.SendMaximaDataDumpStatus@1554909b]" name="execute" duration-ms="6331" started-at="2017-12-18T09:45:09Z" finished-at="2017-12-18T09:45:15Z">
          <reporter-output>
          </reporter-output>
        </test-method> <!-- execute -->
      </class> <!-- SendMail.SendMaximaDataDumpStatus -->
    </test> <!-- SendMaxim -->
  </suite> <!-- Maxim -->
</testng-results>
