<?xml version="1.0" encoding="UTF-8"?>
<testng-results skipped="0" failed="0" total="1" passed="1">
  <reporter-output>
  </reporter-output>
  <suite name="SendMailReport" duration-ms="7306" started-at="2017-10-17T04:00:36Z" finished-at="2017-10-17T04:00:43Z">
    <groups>
    </groups>
    <test name="SendMailReport" duration-ms="7306" started-at="2017-10-17T04:00:36Z" finished-at="2017-10-17T04:00:43Z">
      <class name="SendMail.SendMaximaDataDumpStatus">
        <test-method status="PASS" signature="execute()[pri:0, instance:SendMail.SendMaximaDataDumpStatus@48140564]" name="execute" duration-ms="7295" started-at="2017-10-17T09:30:36Z" finished-at="2017-10-17T09:30:43Z">
          <reporter-output>
          </reporter-output>
        </test-method> <!-- execute -->
      </class> <!-- SendMail.SendMaximaDataDumpStatus -->
    </test> <!-- SendMailReport -->
  </suite> <!-- SendMailReport -->
</testng-results>
