<?xml version="1.0" encoding="UTF-8"?>
<testng-results skipped="1" failed="0" total="1" passed="0">
  <reporter-output>
  </reporter-output>
  <suite name="Default suite" duration-ms="10" started-at="2017-03-24T06:08:32Z" finished-at="2017-03-24T06:08:32Z">
    <groups>
    </groups>
    <test name="Default test" duration-ms="10" started-at="2017-03-24T06:08:32Z" finished-at="2017-03-24T06:08:32Z">
      <class name="Dev_progress.RateCreation">
        <test-method status="FAIL" signature="login()[pri:0, instance:Dev_progress.RateCreation@73f792cf]" name="login" is-config="true" duration-ms="0" started-at="2017-03-24T11:38:32Z" finished-at="2017-03-24T11:38:32Z">
          <exception class="java.io.FileNotFoundException">
            <message>
              <![CDATA[D:\WorkSpace\ibv4_code\Enroll_Hotel_Test\src\LiveRepository\SwitchQAandLIVE.properties (The system cannot find the path specified)]]>
            </message>
            <full-stacktrace>
              <![CDATA[java.io.FileNotFoundException: D:\WorkSpace\ibv4_code\Enroll_Hotel_Test\src\LiveRepository\SwitchQAandLIVE.properties (The system cannot find the path specified)
	at java.io.FileInputStream.open0(Native Method)
	at java.io.FileInputStream.open(Unknown Source)
	at java.io.FileInputStream.<init>(Unknown Source)
	at java.io.FileInputStream.<init>(Unknown Source)
	at Dev_progress.RateCreation.login(RateCreation.java:68)
	at sun.reflect.NativeMethodAccessorImpl.invoke0(Native Method)
	at sun.reflect.NativeMethodAccessorImpl.invoke(Unknown Source)
	at sun.reflect.DelegatingMethodAccessorImpl.invoke(Unknown Source)
	at java.lang.reflect.Method.invoke(Unknown Source)
	at org.testng.internal.MethodInvocationHelper.invokeMethod(MethodInvocationHelper.java:85)
	at org.testng.internal.Invoker.invokeConfigurationMethod(Invoker.java:510)
	at org.testng.internal.Invoker.invokeConfigurations(Invoker.java:211)
	at org.testng.internal.Invoker.invokeConfigurations(Invoker.java:138)
	at org.testng.SuiteRunner.privateRun(SuiteRunner.java:298)
	at org.testng.SuiteRunner.run(SuiteRunner.java:261)
	at org.testng.SuiteRunnerWorker.runSuite(SuiteRunnerWorker.java:52)
	at org.testng.SuiteRunnerWorker.run(SuiteRunnerWorker.java:86)
	at org.testng.TestNG.runSuitesSequentially(TestNG.java:1215)
	at org.testng.TestNG.runSuitesLocally(TestNG.java:1140)
	at org.testng.TestNG.run(TestNG.java:1048)
	at org.testng.remote.RemoteTestNG.run(RemoteTestNG.java:112)
	at org.testng.remote.RemoteTestNG.initAndRun(RemoteTestNG.java:205)
	at org.testng.remote.RemoteTestNG.main(RemoteTestNG.java:176)
]]>
            </full-stacktrace>
          </exception> <!-- java.io.FileNotFoundException -->
          <reporter-output>
          </reporter-output>
        </test-method> <!-- login -->
        <test-method status="SKIP" signature="start()[pri:0, instance:Dev_progress.RateCreation@73f792cf]" name="start" duration-ms="0" started-at="2017-03-24T11:38:32Z" finished-at="2017-03-24T11:38:32Z">
          <reporter-output>
          </reporter-output>
        </test-method> <!-- start -->
      </class> <!-- Dev_progress.RateCreation -->
    </test> <!-- Default test -->
  </suite> <!-- Default suite -->
</testng-results>
